# JRE version: Java(TM) SE Runtime Environment (8.0_111-b14) (build 1.8.0_111-b14)
# Java VM: Java HotSpot(TM) 64-Bit Server VM (25.111-b14 mixed mode windows-amd64 compressed oops)
Heap:
 PSYoungGen      total 165888K, used 82940K [0x000000076b400000, 0x0000000779280000, 0x00000007c0000000)
  eden space 152576K, 54% used [0x000000076b400000,0x00000007704ff190,0x0000000774900000)
  from space 13312K, 0% used [0x0000000775800000,0x0000000775800000,0x0000000776500000)
  to   space 15360K, 0% used [0x0000000774900000,0x0000000774900000,0x0000000775800000)
 ParOldGen       total 186368K, used 19453K [0x00000006c1c00000, 0x00000006cd200000, 0x000000076b400000)
  object space 186368K, 10% used [0x00000006c1c00000,0x00000006c2eff728,0x00000006cd200000)
 Metaspace       used 39477K, capacity 41728K, committed 41984K, reserved 1085440K
  class space    used 5124K, capacity 5513K, committed 5632K, reserved 1048576K
GC Heap History (10 events):
Event: 1.933 GC heap before
{Heap before GC invocations=4 (full 1):
 PSYoungGen      total 76288K, used 8708K [0x000000076b400000, 0x0000000774900000, 0x00000007c0000000)
  eden space 65536K, 0% used [0x000000076b400000,0x000000076b400000,0x000000076f400000)
  from space 10752K, 80% used [0x000000076f400000,0x000000076fc811f0,0x000000076fe80000)
  to   space 10752K, 0% used [0x0000000773e80000,0x0000000773e80000,0x0000000774900000)
 ParOldGen       total 175104K, used 40K [0x00000006c1c00000, 0x00000006cc700000, 0x000000076b400000)
  object space 175104K, 0% used [0x00000006c1c00000,0x00000006c1c0a000,0x00000006cc700000)
 Metaspace       used 20279K, capacity 21176K, committed 21296K, reserved 1067008K
  class space    used 2656K, capacity 2870K, committed 2944K, reserved 1048576K
Event: 1.958 GC heap after
Heap after GC invocations=4 (full 1):
 PSYoungGen      total 76288K, used 0K [0x000000076b400000, 0x0000000774900000, 0x00000007c0000000)
  eden space 65536K, 0% used [0x000000076b400000,0x000000076b400000,0x000000076f400000)
  from space 10752K, 0% used [0x000000076f400000,0x000000076f400000,0x000000076fe80000)
  to   space 10752K, 0% used [0x0000000773e80000,0x0000000773e80000,0x0000000774900000)
 ParOldGen       total 105984K, used 8457K [0x00000006c1c00000, 0x00000006c8380000, 0x000000076b400000)
  object space 105984K, 7% used [0x00000006c1c00000,0x00000006c2442510,0x00000006c8380000)
 Metaspace       used 20278K, capacity 21170K, committed 21296K, reserved 1067008K
  class space    used 2656K, capacity 2869K, committed 2944K, reserved 1048576K
}
Event: 2.388 GC heap before
{Heap before GC invocations=5 (full 1):
 PSYoungGen      total 76288K, used 65536K [0x000000076b400000, 0x0000000774900000, 0x00000007c0000000)
  eden space 65536K, 100% used [0x000000076b400000,0x000000076f400000,0x000000076f400000)
  from space 10752K, 0% used [0x000000076f400000,0x000000076f400000,0x000000076fe80000)
  to   space 10752K, 0% used [0x0000000773e80000,0x0000000773e80000,0x0000000774900000)
 ParOldGen       total 105984K, used 8457K [0x00000006c1c00000, 0x00000006c8380000, 0x000000076b400000)
  object space 105984K, 7% used [0x00000006c1c00000,0x00000006c2442510,0x00000006c8380000)
 Metaspace       used 25484K, capacity 26986K, committed 27264K, reserved 1073152K
  class space    used 3390K, capacity 3681K, committed 3712K, reserved 1048576K
Event: 2.396 GC heap after
Heap after GC invocations=5 (full 1):
 PSYoungGen      total 108544K, used 7059K [0x000000076b400000, 0x0000000774580000, 0x00000007c0000000)
  eden space 101376K, 0% used [0x000000076b400000,0x000000076b400000,0x0000000771700000)
  from space 7168K, 98% used [0x0000000773e80000,0x0000000774564c30,0x0000000774580000)
  to   space 10752K, 0% used [0x0000000773080000,0x0000000773080000,0x0000000773b00000)
 ParOldGen       total 105984K, used 8465K [0x00000006c1c00000, 0x00000006c8380000, 0x000000076b400000)
  object space 105984K, 7% used [0x00000006c1c00000,0x00000006c2444510,0x00000006c8380000)
 Metaspace       used 25484K, capacity 26986K, committed 27264K, reserved 1073152K
  class space    used 3390K, capacity 3681K, committed 3712K, reserved 1048576K
}
Event: 3.029 GC heap before
{Heap before GC invocations=6 (full 1):
 PSYoungGen      total 108544K, used 108435K [0x000000076b400000, 0x0000000774580000, 0x00000007c0000000)
  eden space 101376K, 100% used [0x000000076b400000,0x0000000771700000,0x0000000771700000)
  from space 7168K, 98% used [0x0000000773e80000,0x0000000774564c30,0x0000000774580000)
  to   space 10752K, 0% used [0x0000000773080000,0x0000000773080000,0x0000000773b00000)
 ParOldGen       total 105984K, used 8465K [0x00000006c1c00000, 0x00000006c8380000, 0x000000076b400000)
  object space 105984K, 7% used [0x00000006c1c00000,0x00000006c2444510,0x00000006c8380000)
 Metaspace       used 29019K, capacity 30778K, committed 30848K, reserved 1075200K
  class space    used 3878K, capacity 4219K, committed 4224K, reserved 1048576K
Event: 3.035 GC heap after
Heap after GC invocations=6 (full 1):
 PSYoungGen      total 138240K, used 10737K [0x000000076b400000, 0x0000000776500000, 0x00000007c0000000)
  eden space 127488K, 0% used [0x000000076b400000,0x000000076b400000,0x0000000773080000)
  from space 10752K, 99% used [0x0000000773080000,0x0000000773afc770,0x0000000773b00000)
  to   space 13312K, 0% used [0x0000000775800000,0x0000000775800000,0x0000000776500000)
 ParOldGen       total 105984K, used 9505K [0x00000006c1c00000, 0x00000006c8380000, 0x000000076b400000)
  object space 105984K, 8% used [0x00000006c1c00000,0x00000006c25485e0,0x00000006c8380000)
 Metaspace       used 29019K, capacity 30778K, committed 30848K, reserved 1075200K
  class space    used 3878K, capacity 4219K, committed 4224K, reserved 1048576K
}
Event: 3.536 GC heap before
{Heap before GC invocations=7 (full 1):
 PSYoungGen      total 138240K, used 71252K [0x000000076b400000, 0x0000000776500000, 0x00000007c0000000)
  eden space 127488K, 47% used [0x000000076b400000,0x000000076ef18890,0x0000000773080000)
  from space 10752K, 99% used [0x0000000773080000,0x0000000773afc770,0x0000000773b00000)
  to   space 13312K, 0% used [0x0000000775800000,0x0000000775800000,0x0000000776500000)
 ParOldGen       total 105984K, used 9505K [0x00000006c1c00000, 0x00000006c8380000, 0x000000076b400000)
  object space 105984K, 8% used [0x00000006c1c00000,0x00000006c25485e0,0x00000006c8380000)
 Metaspace       used 33277K, capacity 35436K, committed 35496K, reserved 1079296K
  class space    used 4466K, capacity 4840K, committed 4864K, reserved 1048576K
Event: 3.547 GC heap after
Heap after GC invocations=7 (full 1):
 PSYoungGen      total 165888K, used 13310K [0x000000076b400000, 0x0000000779280000, 0x00000007c0000000)
  eden space 152576K, 0% used [0x000000076b400000,0x000000076b400000,0x0000000774900000)
  from space 13312K, 99% used [0x0000000775800000,0x00000007764ffa50,0x0000000776500000)
  to   space 15360K, 0% used [0x0000000774900000,0x0000000774900000,0x0000000775800000)
 ParOldGen       total 105984K, used 10591K [0x00000006c1c00000, 0x00000006c8380000, 0x000000076b400000)
  object space 105984K, 9% used [0x00000006c1c00000,0x00000006c2657c20,0x00000006c8380000)
 Metaspace       used 33277K, capacity 35436K, committed 35496K, reserved 1079296K
  class space    used 4466K, capacity 4840K, committed 4864K, reserved 1048576K
}
Event: 3.547 GC heap before
{Heap before GC invocations=8 (full 2):
 PSYoungGen      total 165888K, used 13310K [0x000000076b400000, 0x0000000779280000, 0x00000007c0000000)
  eden space 152576K, 0% used [0x000000076b400000,0x000000076b400000,0x0000000774900000)
  from space 13312K, 99% used [0x0000000775800000,0x00000007764ffa50,0x0000000776500000)
  to   space 15360K, 0% used [0x0000000774900000,0x0000000774900000,0x0000000775800000)
 ParOldGen       total 105984K, used 10591K [0x00000006c1c00000, 0x00000006c8380000, 0x000000076b400000)
  object space 105984K, 9% used [0x00000006c1c00000,0x00000006c2657c20,0x00000006c8380000)
 Metaspace       used 33277K, capacity 35436K, committed 35496K, reserved 1079296K
  class space    used 4466K, capacity 4840K, committed 4864K, reserved 1048576K
Event: 3.644 GC heap after
Heap after GC invocations=8 (full 2):
 PSYoungGen      total 165888K, used 0K [0x000000076b400000, 0x0000000779280000, 0x00000007c0000000)
  eden space 152576K, 0% used [0x000000076b400000,0x000000076b400000,0x0000000774900000)
  from space 13312K, 0% used [0x0000000775800000,0x0000000775800000,0x0000000776500000)
  to   space 15360K, 0% used [0x0000000774900000,0x0000000774900000,0x0000000775800000)
 ParOldGen       total 186368K, used 19453K [0x00000006c1c00000, 0x00000006cd200000, 0x000000076b400000)
  object space 186368K, 10% used [0x00000006c1c00000,0x00000006c2eff728,0x00000006cd200000)
 Metaspace       used 33277K, capacity 35436K, committed 35496K, reserved 1079296K
  class space    used 4466K, capacity 4840K, committed 4864K, reserved 1048576K
}

